00:00:00.542062 VirtualBox VM 7.0.8 r156879 win.amd64 (Apr 17 2023 16:42:53) release log
00:00:00.542064 Log opened 2023-07-04T06:54:07.946516700Z
00:00:00.542064 Build Type: release
00:00:00.542067 OS Product: Windows 11
00:00:00.542067 OS Release: 10.0.22621
00:00:00.542068 OS Service Pack: 
00:00:00.650285 DMI Product Name: 20R5000KMZ
00:00:00.653185 DMI Product Version: ThinkPad L13 Yoga
00:00:00.653196 Firmware type: UEFI
00:00:00.653558 Secure Boot: VERR_PRIVILEGE_NOT_HELD
00:00:00.653574 Host RAM: 16056MB (15.6GB) total, 8732MB (8.5GB) available
00:00:00.653576 Executable: C:\Program Files\Oracle\VirtualBox\VBoxHeadless.exe
00:00:00.653577 Process ID: 18992
00:00:00.653577 Package type: WINDOWS_64BITS_GENERIC
00:00:00.654210 Installed Extension Packs:
00:00:00.654221   None installed!
00:00:00.654733 Console: Machine state changed to 'Starting'
00:00:00.655096 VRDE: VirtualBox Remote Desktop Extension is not available.
00:00:00.774435 SUP: seg #0: R   0x00000000 LB 0x00001000
00:00:00.774449 SUP: seg #1: R X 0x00001000 LB 0x00178000
00:00:00.774453 SUP: seg #2: R   0x00179000 LB 0x00051000
00:00:00.774456 SUP: seg #3: RW  0x001ca000 LB 0x00013000
00:00:00.774459 SUP: seg #4: R   0x001dd000 LB 0x00011000
00:00:00.774462 SUP: seg #5: RW  0x001ee000 LB 0x00004000
00:00:00.774464 SUP: seg #6: R   0x001f2000 LB 0x00010000
00:00:00.774467 SUP: seg #7: R X 0x00202000 LB 0x00002000
00:00:00.774470 SUP: seg #8: R   0x00204000 LB 0x00007000
00:00:00.776538 SUP: Loaded VMMR0.r0 (C:\Program Files\Oracle\VirtualBox/VMMR0.r0) at 0xXXXXXXXXXXXXXXXX - ModuleInit at XXXXXXXXXXXXXXXX and ModuleTerm at XXXXXXXXXXXXXXXX using the native ring-0 loader
00:00:00.776558 SUP: VMMR0EntryEx located at XXXXXXXXXXXXXXXX and VMMR0EntryFast at XXXXXXXXXXXXXXXX
00:00:00.776561 SUP: windbg> .reload /f C:\Program Files\Oracle\VirtualBox/VMMR0.r0=0xXXXXXXXXXXXXXXXX
00:00:00.784757 Guest OS type: 'Ubuntu_64'
00:00:00.785359 fHMForced=true - No raw-mode support in this build!
00:00:00.788058 File system of 'C:\Users\leand\VirtualBox VMs\M300_LB03_Leandro\generic-ubuntu1804-virtualbox-disk001.vmdk' is ntfs
00:00:00.806621 Shared Clipboard: Service loaded
00:00:00.806633 Shared Clipboard: Mode: Off
00:00:00.806678 Shared Clipboard: Service running in headless mode
00:00:00.822423 Drag and drop service loaded
00:00:00.822435 Drag and drop mode: Off
00:00:01.052752 Per-VM extradata API settings:
00:00:01.052765   VBoxInternal2/SharedFoldersEnableSymlinksCreate/vagrant="1"
00:00:01.052933 ************************* CFGM dump *************************
00:00:01.052938 [/] (level 0)
00:00:01.052939   CpuExecutionCap   <integer> = 0x0000000000000064 (100)
00:00:01.052941   EnablePAE         <integer> = 0x0000000000000001 (1)
00:00:01.052942   HMEnabled         <integer> = 0x0000000000000001 (1)
00:00:01.052942   MemBalloonSize    <integer> = 0x0000000000000000 (0, 0 B)
00:00:01.052945   Name              <string>  = "M300_LB03_Leandro" (cb=18)
00:00:01.052946   NumCPUs           <integer> = 0x0000000000000004 (4)
00:00:01.052947   PageFusionAllowed <integer> = 0x0000000000000000 (0)
00:00:01.052947   RamHoleSize       <integer> = 0x0000000020000000 (536 870 912, 512.0 MiB)
00:00:01.052949   RamSize           <integer> = 0x00000000c0000000 (3 221 225 472, 3.0 GiB)
00:00:01.052950   TimerMillies      <integer> = 0x000000000000000a (10)
00:00:01.052950   UUID              <bytes>   = "dd fc 59 26 89 a0 ca 42 85 93 d3 7e 08 19 4b af" (cb=16)
00:00:01.052954 
00:00:01.052954 [/CPUM/] (level 1)
00:00:01.052955   Enable64bit        <integer> = 0x0000000000000001 (1)
00:00:01.052955   GuestCpuName       <string>  = "host" (cb=5)
00:00:01.052956   NestedHWVirt       <integer> = 0x0000000000000000 (0)
00:00:01.052956   PortableCpuIdLevel <integer> = 0x0000000000000000 (0)
00:00:01.052957   SpecCtrl           <integer> = 0x0000000000000000 (0)
00:00:01.052957 
00:00:01.052958 [/CPUM/IsaExts/] (level 2)
00:00:01.052958 
00:00:01.052958 [/DBGC/] (level 1)
00:00:01.052959   GlobalInitScript <string>  = "C:\Users\leand\.VirtualBox/dbgc-init" (cb=37)
00:00:01.052960   HistoryFile      <string>  = "C:\Users\leand\.VirtualBox/dbgc-history" (cb=40)
00:00:01.052960   LocalInitScript  <string>  = "C:\Users\leand\VirtualBox VMs\M300_LB03_Leandro/dbgc-init" (cb=58)
00:00:01.052960 
00:00:01.052961 [/DBGF/] (level 1)
00:00:01.052961   Path <string>  = "C:\Users\leand\VirtualBox VMs\M300_LB03_Leandro/debug/;C:\Users\leand\VirtualBox VMs\M300_LB03_Leandro/;cache*C:\Users\leand\VirtualBox VMs\M300_LB03_Leandro/dbgcache/;C:\Users\leand\" (cb=184)
00:00:01.052962 
00:00:01.052962 [/Devices/] (level 1)
00:00:01.052963 
00:00:01.052963 [/Devices/3c501/] (level 2)
00:00:01.052963 
00:00:01.052964 [/Devices/8237A/] (level 2)
00:00:01.052964 
00:00:01.052964 [/Devices/8237A/0/] (level 3)
00:00:01.052965   Trusted <integer> = 0x0000000000000001 (1)
00:00:01.052966 
00:00:01.052966 [/Devices/GIMDev/] (level 2)
00:00:01.052967 
00:00:01.052967 [/Devices/GIMDev/0/] (level 3)
00:00:01.052968   Trusted <integer> = 0x0000000000000001 (1)
00:00:01.052968 
00:00:01.052968 [/Devices/VMMDev/] (level 2)
00:00:01.052969 
00:00:01.052969 [/Devices/VMMDev/0/] (level 3)
00:00:01.052970   PCIBusNo      <integer> = 0x0000000000000000 (0)
00:00:01.052970   PCIDeviceNo   <integer> = 0x0000000000000004 (4)
00:00:01.052971   PCIFunctionNo <integer> = 0x0000000000000000 (0)
00:00:01.052971   Trusted       <integer> = 0x0000000000000001 (1)
00:00:01.052972 
00:00:01.052972 [/Devices/VMMDev/0/Config/] (level 4)
00:00:01.052973   GuestCoreDumpDir <string>  = "C:\Users\leand\VirtualBox VMs\M300_LB03_Leandro\Snapshots" (cb=58)
00:00:01.052973 
00:00:01.052973 [/Devices/VMMDev/0/LUN#0/] (level 4)
00:00:01.052974   Driver <string>  = "HGCM" (cb=5)
00:00:01.052975 
00:00:01.052975 [/Devices/VMMDev/0/LUN#0/Config/] (level 5)
00:00:01.052976 
00:00:01.052976 [/Devices/VMMDev/0/LUN#999/] (level 4)
00:00:01.052976   Driver <string>  = "MainStatus" (cb=11)
00:00:01.052977 
00:00:01.052977 [/Devices/VMMDev/0/LUN#999/Config/] (level 5)
00:00:01.052978   First                <integer> = 0x0000000000000000 (0)
00:00:01.052979   HasMediumAttachments <integer> = 0x0000000000000000 (0)
00:00:01.052979   Last                 <integer> = 0x0000000000000000 (0)
00:00:01.052980   iLedSet              <integer> = 0x0000000000000004 (4)
00:00:01.052980 
00:00:01.052980 [/Devices/acpi/] (level 2)
00:00:01.052981 
00:00:01.052981 [/Devices/acpi/0/] (level 3)
00:00:01.052982   PCIBusNo      <integer> = 0x0000000000000000 (0)
00:00:01.052982   PCIDeviceNo   <integer> = 0x0000000000000007 (7)
00:00:01.052983   PCIFunctionNo <integer> = 0x0000000000000000 (0)
00:00:01.052983   Trusted       <integer> = 0x0000000000000001 (1)
00:00:01.052984 
00:00:01.052984 [/Devices/acpi/0/Config/] (level 4)
00:00:01.052985   CpuHotPlug          <integer> = 0x0000000000000000 (0)
00:00:01.052986   FdcEnabled          <integer> = 0x0000000000000000 (0)
00:00:01.052986   HostBusPciAddress   <integer> = 0x0000000000000000 (0)
00:00:01.052987   HpetEnabled         <integer> = 0x0000000000000000 (0)
00:00:01.052987   IOAPIC              <integer> = 0x0000000000000001 (1)
00:00:01.052988   IocPciAddress       <integer> = 0x0000000000010000 (65 536)
00:00:01.052989   NumCPUs             <integer> = 0x0000000000000004 (4)
00:00:01.052989   Parallel0IoPortBase <integer> = 0x0000000000000000 (0)
00:00:01.052990   Parallel0Irq        <integer> = 0x0000000000000000 (0)
00:00:01.052990   Parallel1IoPortBase <integer> = 0x0000000000000000 (0)
00:00:01.052990   Parallel1Irq        <integer> = 0x0000000000000000 (0)
00:00:01.052991   Serial0IoPortBase   <integer> = 0x0000000000000000 (0)
00:00:01.052991   Serial0Irq          <integer> = 0x0000000000000000 (0)
00:00:01.052992   Serial1IoPortBase   <integer> = 0x0000000000000000 (0)
00:00:01.052992   Serial1Irq          <integer> = 0x0000000000000000 (0)
00:00:01.052993   ShowCpu             <integer> = 0x0000000000000001 (1)
00:00:01.052993   ShowRtc             <integer> = 0x0000000000000000 (0)
00:00:01.052994   SmcEnabled          <integer> = 0x0000000000000000 (0)
00:00:01.052994 
00:00:01.052994 [/Devices/acpi/0/LUN#0/] (level 4)
00:00:01.052995   Driver <string>  = "ACPIHost" (cb=9)
00:00:01.052996 
00:00:01.052996 [/Devices/acpi/0/LUN#0/Config/] (level 5)
00:00:01.052997 
00:00:01.052997 [/Devices/acpi/0/LUN#1/] (level 4)
00:00:01.052998   Driver <string>  = "ACPICpu" (cb=8)
00:00:01.052998 
00:00:01.052998 [/Devices/acpi/0/LUN#1/Config/] (level 5)
00:00:01.052999 
00:00:01.052999 [/Devices/acpi/0/LUN#2/] (level 4)
00:00:01.053000   Driver <string>  = "ACPICpu" (cb=8)
00:00:01.053000 
00:00:01.053000 [/Devices/acpi/0/LUN#2/Config/] (level 5)
00:00:01.053001 
00:00:01.053001 [/Devices/acpi/0/LUN#3/] (level 4)
00:00:01.053002   Driver <string>  = "ACPICpu" (cb=8)
00:00:01.053002 
00:00:01.053003 [/Devices/acpi/0/LUN#3/Config/] (level 5)
00:00:01.053004 
00:00:01.053004 [/Devices/ahci/] (level 2)
00:00:01.053004 
00:00:01.053005 [/Devices/ahci/0/] (level 3)
00:00:01.053005   PCIBusNo      <integer> = 0x0000000000000000 (0)
00:00:01.053006   PCIDeviceNo   <integer> = 0x000000000000000d (13)
00:00:01.053006   PCIFunctionNo <integer> = 0x0000000000000000 (0)
00:00:01.053007   Trusted       <integer> = 0x0000000000000001 (1)
00:00:01.053007 
00:00:01.053007 [/Devices/ahci/0/Config/] (level 4)
00:00:01.053008   Bootable  <integer> = 0x0000000000000001 (1)
00:00:01.053009   PortCount <integer> = 0x0000000000000001 (1)
00:00:01.053009 
00:00:01.053009 [/Devices/ahci/0/Config/Port0/] (level 5)
00:00:01.053010   Hotpluggable <integer> = 0x0000000000000000 (0)
00:00:01.053010 
00:00:01.053010 [/Devices/ahci/0/LUN#0/] (level 4)
00:00:01.053011   Driver <string>  = "VD" (cb=3)
00:00:01.053012 
00:00:01.053012 [/Devices/ahci/0/LUN#0/Config/] (level 5)
00:00:01.053013   BlockCache <integer> = 0x0000000000000001 (1)
00:00:01.053013   Format     <string>  = "VMDK" (cb=5)
00:00:01.053014   Mountable  <integer> = 0x0000000000000000 (0)
00:00:01.053014   Path       <string>  = "C:\Users\leand\VirtualBox VMs\M300_LB03_Leandro\generic-ubuntu1804-virtualbox-disk001.vmdk" (cb=91)
00:00:01.053015   Type       <string>  = "HardDisk" (cb=9)
00:00:01.053015   UseNewIo   <integer> = 0x0000000000000001 (1)
00:00:01.053016 
00:00:01.053016 [/Devices/ahci/0/LUN#0/Config/VDConfig/] (level 6)
00:00:01.053017 
00:00:01.053017 [/Devices/ahci/0/LUN#999/] (level 4)
00:00:01.053018   Driver <string>  = "MainStatus" (cb=11)
00:00:01.053018 
00:00:01.053018 [/Devices/ahci/0/LUN#999/Config/] (level 5)
00:00:01.053019   DeviceInstance       <string>  = "ahci/0" (cb=7)
00:00:01.053020   First                <integer> = 0x0000000000000000 (0)
00:00:01.053020   HasMediumAttachments <integer> = 0x0000000000000001 (1)
00:00:01.053021   Last                 <integer> = 0x0000000000000000 (0)
00:00:01.053021   iLedSet              <integer> = 0x0000000000000002 (2)
00:00:01.053022 
00:00:01.053022 [/Devices/apic/] (level 2)
00:00:01.053023 
00:00:01.053023 [/Devices/apic/0/] (level 3)
00:00:01.053023   Trusted <integer> = 0x0000000000000001 (1)
00:00:01.053024 
00:00:01.053024 [/Devices/apic/0/Config/] (level 4)
00:00:01.053025   IOAPIC  <integer> = 0x0000000000000001 (1)
00:00:01.053025   Mode    <integer> = 0x0000000000000003 (3)
00:00:01.053026   NumCPUs <integer> = 0x0000000000000004 (4)
00:00:01.053026 
00:00:01.053026 [/Devices/dp8390/] (level 2)
00:00:01.053027 
00:00:01.053027 [/Devices/e1000/] (level 2)
00:00:01.053028 
00:00:01.053028 [/Devices/e1000/0/] (level 3)
00:00:01.053028   PCIBusNo      <integer> = 0x0000000000000000 (0)
00:00:01.053029   PCIDeviceNo   <integer> = 0x0000000000000003 (3)
00:00:01.053029   PCIFunctionNo <integer> = 0x0000000000000000 (0)
00:00:01.053030   Trusted       <integer> = 0x0000000000000001 (1)
00:00:01.053030 
00:00:01.053030 [/Devices/e1000/0/Config/] (level 4)
00:00:01.053031   AdapterType    <integer> = 0x0000000000000000 (0)
00:00:01.053031   CableConnected <integer> = 0x0000000000000001 (1)
00:00:01.053032   LineSpeed      <integer> = 0x0000000000000000 (0)
00:00:01.053032   MAC            <bytes>   = "08 00 27 b0 4f 61" (cb=6)
00:00:01.053033 
00:00:01.053033 [/Devices/e1000/0/LUN#0/] (level 4)
00:00:01.053034   Driver <string>  = "NAT" (cb=4)
00:00:01.053035 
00:00:01.053035 [/Devices/e1000/0/LUN#0/Config/] (level 5)
00:00:01.053036   AliasMode          <integer> = 0x0000000000000000 (0)
00:00:01.053036   BootFile           <string>  = "M300_LB03_Leandro.pxe" (cb=22)
00:00:01.053037   DNSProxy           <integer> = 0x0000000000000001 (1)
00:00:01.053037   LocalhostReachable <integer> = 0x0000000000000001 (1)
00:00:01.053038   Network            <string>  = "10.0.2.0/24" (cb=12)
00:00:01.053038   PassDomain         <integer> = 0x0000000000000001 (1)
00:00:01.053039   TFTPPrefix         <string>  = "C:\Users\leand\.VirtualBox\TFTP" (cb=32)
00:00:01.053039   UseHostResolver    <integer> = 0x0000000000000001 (1)
00:00:01.053040 
00:00:01.053040 [/Devices/e1000/0/LUN#0/Config/PortForwarding/] (level 6)
00:00:01.053041 
00:00:01.053041 [/Devices/e1000/0/LUN#0/Config/PortForwarding/0/] (level 7)
00:00:01.053042   BindIP    <string>  = "127.0.0.1" (cb=10)
00:00:01.053043   GuestPort <integer> = 0x0000000000000016 (22)
00:00:01.053043   HostPort  <integer> = 0x00000000000008ae (2 222)
00:00:01.053044   Name      <string>  = "ssh" (cb=4)
00:00:01.053044   Protocol  <string>  = "TCP" (cb=4)
00:00:01.053045 
00:00:01.053045 [/Devices/e1000/0/LUN#0/Config/PortForwarding/1/] (level 7)
00:00:01.053046   GuestPort <integer> = 0x0000000000000050 (80)
00:00:01.053046   HostPort  <integer> = 0x0000000000000d75 (3 445)
00:00:01.053047   Name      <string>  = "tcp3445" (cb=8)
00:00:01.053047   Protocol  <string>  = "TCP" (cb=4)
00:00:01.053048 
00:00:01.053048 [/Devices/e1000/0/LUN#0/Config/PortForwarding/2/] (level 7)
00:00:01.053049   GuestPort <integer> = 0x0000000000000d76 (3 446)
00:00:01.053049   HostPort  <integer> = 0x0000000000000d76 (3 446)
00:00:01.053050   Name      <string>  = "tcp3446" (cb=8)
00:00:01.053050   Protocol  <string>  = "TCP" (cb=4)
00:00:01.053050 
00:00:01.053051 [/Devices/e1000/0/LUN#999/] (level 4)
00:00:01.053051   Driver <string>  = "MainStatus" (cb=11)
00:00:01.053052 
00:00:01.053052 [/Devices/e1000/0/LUN#999/Config/] (level 5)
00:00:01.053053   First                <integer> = 0x0000000000000000 (0)
00:00:01.053053   HasMediumAttachments <integer> = 0x0000000000000000 (0)
00:00:01.053053   Last                 <integer> = 0x0000000000000000 (0)
00:00:01.053054   iLedSet              <integer> = 0x0000000000000003 (3)
00:00:01.053055 
00:00:01.053055 [/Devices/i8254/] (level 2)
00:00:01.053055 
00:00:01.053055 [/Devices/i8254/0/] (level 3)
00:00:01.053056 
00:00:01.053056 [/Devices/i8254/0/Config/] (level 4)
00:00:01.053057 
00:00:01.053057 [/Devices/i8259/] (level 2)
00:00:01.053058 
00:00:01.053058 [/Devices/i8259/0/] (level 3)
00:00:01.053058   Trusted <integer> = 0x0000000000000001 (1)
00:00:01.053059 
00:00:01.053059 [/Devices/i8259/0/Config/] (level 4)
00:00:01.053060 
00:00:01.053060 [/Devices/ioapic/] (level 2)
00:00:01.053060 
00:00:01.053061 [/Devices/ioapic/0/] (level 3)
00:00:01.053061   Trusted <integer> = 0x0000000000000001 (1)
00:00:01.053061 
00:00:01.053062 [/Devices/ioapic/0/Config/] (level 4)
00:00:01.053062   NumCPUs <integer> = 0x0000000000000004 (4)
00:00:01.053063 
00:00:01.053063 [/Devices/mc146818/] (level 2)
00:00:01.053063 
00:00:01.053064 [/Devices/mc146818/0/] (level 3)
00:00:01.053064 
00:00:01.053064 [/Devices/mc146818/0/Config/] (level 4)
00:00:01.053065   UseUTC <integer> = 0x0000000000000001 (1)
00:00:01.053065 
00:00:01.053066 [/Devices/parallel/] (level 2)
00:00:01.053066 
00:00:01.053066 [/Devices/pcarch/] (level 2)
00:00:01.053067 
00:00:01.053067 [/Devices/pcarch/0/] (level 3)
00:00:01.053068   Trusted <integer> = 0x0000000000000001 (1)
00:00:01.053068 
00:00:01.053068 [/Devices/pcarch/0/Config/] (level 4)
00:00:01.053069 
00:00:01.053069 [/Devices/pcbios/] (level 2)
00:00:01.053069 
00:00:01.053070 [/Devices/pcbios/0/] (level 3)
00:00:01.053070   Trusted <integer> = 0x0000000000000001 (1)
00:00:01.053071 
00:00:01.053071 [/Devices/pcbios/0/Config/] (level 4)
00:00:01.053072   APIC               <integer> = 0x0000000000000001 (1)
00:00:01.053073   BootDevice0        <string>  = "IDE" (cb=4)
00:00:01.053073   BootDevice1        <string>  = "DVD" (cb=4)
00:00:01.053073   BootDevice2        <string>  = "NONE" (cb=5)
00:00:01.053074   BootDevice3        <string>  = "NONE" (cb=5)
00:00:01.053074   FloppyDevice       <string>  = "i82078" (cb=7)
00:00:01.053075   HardDiskDevice     <string>  = "piix3ide" (cb=9)
00:00:01.053075   IOAPIC             <integer> = 0x0000000000000001 (1)
00:00:01.053076   McfgBase           <integer> = 0x0000000000000000 (0)
00:00:01.053076   McfgLength         <integer> = 0x0000000000000000 (0)
00:00:01.053077   NumCPUs            <integer> = 0x0000000000000004 (4)
00:00:01.053077   PXEDebug           <integer> = 0x0000000000000000 (0)
00:00:01.053078   SataHardDiskDevice <string>  = "ahci" (cb=5)
00:00:01.053078   SataLUN1           <integer> = 0x0000000000000000 (0)
00:00:01.053078   UUID               <bytes>   = "dd fc 59 26 89 a0 ca 42 85 93 d3 7e 08 19 4b af" (cb=16)
00:00:01.053080   UuidLe             <integer> = 0x0000000000000001 (1)
00:00:01.053080 
00:00:01.053080 [/Devices/pcbios/0/Config/NetBoot/] (level 5)
00:00:01.053081 
00:00:01.053081 [/Devices/pcbios/0/Config/NetBoot/0/] (level 6)
00:00:01.053082   NIC           <integer> = 0x0000000000000000 (0)
00:00:01.053083   PCIBusNo      <integer> = 0x0000000000000000 (0)
00:00:01.053083   PCIDeviceNo   <integer> = 0x0000000000000003 (3)
00:00:01.053084   PCIFunctionNo <integer> = 0x0000000000000000 (0)
00:00:01.053084 
00:00:01.053084 [/Devices/pci/] (level 2)
00:00:01.053085 
00:00:01.053085 [/Devices/pci/0/] (level 3)
00:00:01.053086   Trusted <integer> = 0x0000000000000001 (1)
00:00:01.053086 
00:00:01.053086 [/Devices/pci/0/Config/] (level 4)
00:00:01.053087   IOAPIC <integer> = 0x0000000000000001 (1)
00:00:01.053088 
00:00:01.053088 [/Devices/pcibridge/] (level 2)
00:00:01.053088 
00:00:01.053089 [/Devices/pckbd/] (level 2)
00:00:01.053089 
00:00:01.053089 [/Devices/pckbd/0/] (level 3)
00:00:01.053090   Trusted <integer> = 0x0000000000000001 (1)
00:00:01.053090 
00:00:01.053090 [/Devices/pckbd/0/Config/] (level 4)
00:00:01.053091 
00:00:01.053091 [/Devices/pckbd/0/LUN#0/] (level 4)
00:00:01.053092   Driver <string>  = "KeyboardQueue" (cb=14)
00:00:01.053092 
00:00:01.053093 [/Devices/pckbd/0/LUN#0/AttachedDriver/] (level 5)
00:00:01.053093   Driver <string>  = "MainKeyboard" (cb=13)
00:00:01.053094 
00:00:01.053094 [/Devices/pckbd/0/LUN#0/Config/] (level 5)
00:00:01.053095   QueueSize <integer> = 0x0000000000000040 (64, 64 B)
00:00:01.053095 
00:00:01.053095 [/Devices/pckbd/0/LUN#1/] (level 4)
00:00:01.053096   Driver <string>  = "MouseQueue" (cb=11)
00:00:01.053096 
00:00:01.053097 [/Devices/pckbd/0/LUN#1/AttachedDriver/] (level 5)
00:00:01.053098   Driver <string>  = "MainMouse" (cb=10)
00:00:01.053098 
00:00:01.053098 [/Devices/pckbd/0/LUN#1/Config/] (level 5)
00:00:01.053099   QueueSize <integer> = 0x0000000000000080 (128, 128 B)
00:00:01.053099 
00:00:01.053100 [/Devices/pcnet/] (level 2)
00:00:01.053100 
00:00:01.053100 [/Devices/piix3ide/] (level 2)
00:00:01.053101 
00:00:01.053101 [/Devices/piix3ide/0/] (level 3)
00:00:01.053102   PCIBusNo      <integer> = 0x0000000000000000 (0)
00:00:01.053102   PCIDeviceNo   <integer> = 0x0000000000000001 (1)
00:00:01.053102   PCIFunctionNo <integer> = 0x0000000000000001 (1)
00:00:01.053103   Trusted       <integer> = 0x0000000000000001 (1)
00:00:01.053103 
00:00:01.053103 [/Devices/piix3ide/0/Config/] (level 4)
00:00:01.053104   Type <string>  = "PIIX4" (cb=6)
00:00:01.053105 
00:00:01.053105 [/Devices/piix3ide/0/LUN#999/] (level 4)
00:00:01.053106   Driver <string>  = "MainStatus" (cb=11)
00:00:01.053106 
00:00:01.053106 [/Devices/piix3ide/0/LUN#999/Config/] (level 5)
00:00:01.053107   DeviceInstance       <string>  = "piix3ide/0" (cb=11)
00:00:01.053108   First                <integer> = 0x0000000000000000 (0)
00:00:01.053108   HasMediumAttachments <integer> = 0x0000000000000001 (1)
00:00:01.053108   Last                 <integer> = 0x0000000000000003 (3)
00:00:01.053109   iLedSet              <integer> = 0x0000000000000001 (1)
00:00:01.053110 
00:00:01.053110 [/Devices/serial/] (level 2)
00:00:01.053110 
00:00:01.053110 [/Devices/vga/] (level 2)
00:00:01.053111 
00:00:01.053111 [/Devices/vga/0/] (level 3)
00:00:01.053112   PCIBusNo      <integer> = 0x0000000000000000 (0)
00:00:01.053112   PCIDeviceNo   <integer> = 0x0000000000000002 (2)
00:00:01.053113   PCIFunctionNo <integer> = 0x0000000000000000 (0)
00:00:01.053113   Trusted       <integer> = 0x0000000000000001 (1)
00:00:01.053113 
00:00:01.053114 [/Devices/vga/0/Config/] (level 4)
00:00:01.053114   3DEnabled        <integer> = 0x0000000000000000 (0)
00:00:01.053115   CustomVideoModes <integer> = 0x0000000000000000 (0)
00:00:01.053115   FadeIn           <integer> = 0x0000000000000001 (1)
00:00:01.053116   FadeOut          <integer> = 0x0000000000000001 (1)
00:00:01.053116   HeightReduction  <integer> = 0x0000000000000000 (0)
00:00:01.053117   LogoFile         <string>  = "" (cb=1)
00:00:01.053117   LogoTime         <integer> = 0x0000000000000000 (0)
00:00:01.053117   MonitorCount     <integer> = 0x0000000000000001 (1)
00:00:01.053118   ShowBootMenu     <integer> = 0x0000000000000002 (2)
00:00:01.053118   VRamSize         <integer> = 0x0000000010000000 (268 435 456, 256.0 MiB)
00:00:01.053119 
00:00:01.053120 [/Devices/vga/0/LUN#0/] (level 4)
00:00:01.053120   Driver <string>  = "MainDisplay" (cb=12)
00:00:01.053120 
00:00:01.053121 [/Devices/vga/0/LUN#0/Config/] (level 5)
00:00:01.053121 
00:00:01.053122 [/Devices/vga/0/LUN#999/] (level 4)
00:00:01.053122   Driver <string>  = "MainStatus" (cb=11)
00:00:01.053123 
00:00:01.053123 [/Devices/vga/0/LUN#999/Config/] (level 5)
00:00:01.053123   First                <integer> = 0x0000000000000000 (0)
00:00:01.053124   HasMediumAttachments <integer> = 0x0000000000000000 (0)
00:00:01.053124   Last                 <integer> = 0x0000000000000000 (0)
00:00:01.053125   iLedSet              <integer> = 0x0000000000000000 (0)
00:00:01.053126 
00:00:01.053126 [/Devices/virtio-net/] (level 2)
00:00:01.053126 
00:00:01.053126 [/EM/] (level 1)
00:00:01.053127   TripleFaultReset <integer> = 0x0000000000000000 (0)
00:00:01.053127 
00:00:01.053128 [/GCM/] (level 1)
00:00:01.053128   FixerSet <integer> = 0x0000000000000000 (0)
00:00:01.053128 
00:00:01.053129 [/GIM/] (level 1)
00:00:01.053129   Provider <string>  = "KVM" (cb=4)
00:00:01.053129 
00:00:01.053130 [/HM/] (level 1)
00:00:01.053130   64bitEnabled        <integer> = 0x0000000000000001 (1)
00:00:01.053131   EnableLargePages    <integer> = 0x0000000000000000 (0)
00:00:01.053131   EnableNestedPaging  <integer> = 0x0000000000000001 (1)
00:00:01.053132   EnableUX            <integer> = 0x0000000000000001 (1)
00:00:01.053132   EnableVPID          <integer> = 0x0000000000000001 (1)
00:00:01.053133   Exclusive           <integer> = 0x0000000000000000 (0)
00:00:01.053133   HMForced            <integer> = 0x0000000000000001 (1)
00:00:01.053134   IBPBOnVMEntry       <integer> = 0x0000000000000000 (0)
00:00:01.053134   IBPBOnVMExit        <integer> = 0x0000000000000000 (0)
00:00:01.053135   L1DFlushOnSched     <integer> = 0x0000000000000001 (1)
00:00:01.053135   L1DFlushOnVMEntry   <integer> = 0x0000000000000000 (0)
00:00:01.053135   MDSClearOnSched     <integer> = 0x0000000000000001 (1)
00:00:01.053136   MDSClearOnVMEntry   <integer> = 0x0000000000000000 (0)
00:00:01.053136   SpecCtrlByHost      <integer> = 0x0000000000000000 (0)
00:00:01.053137   SvmVirtVmsaveVmload <integer> = 0x0000000000000000 (0)
00:00:01.053137   UseNEMInstead       <integer> = 0x0000000000000000 (0)
00:00:01.053138 
00:00:01.053138 [/MM/] (level 1)
00:00:01.053138   CanUseLargerHeap <integer> = 0x0000000000000000 (0)
00:00:01.053139 
00:00:01.053139 [/NEM/] (level 1)
00:00:01.053139   Allow64BitGuests <integer> = 0x0000000000000001 (1)
00:00:01.053140 
00:00:01.053140 [/PDM/] (level 1)
00:00:01.053140 
00:00:01.053140 [/PDM/AsyncCompletion/] (level 2)
00:00:01.053141 
00:00:01.053141 [/PDM/AsyncCompletion/File/] (level 3)
00:00:01.053142 
00:00:01.053142 [/PDM/AsyncCompletion/File/BwGroups/] (level 4)
00:00:01.053143 
00:00:01.053143 [/PDM/BlkCache/] (level 2)
00:00:01.053143   CacheSize <integer> = 0x0000000000500000 (5 242 880, 5.0 MiB)
00:00:01.053144 
00:00:01.053144 [/PDM/Devices/] (level 2)
00:00:01.053145 
00:00:01.053145 [/PDM/Drivers/] (level 2)
00:00:01.053146 
00:00:01.053146 [/PDM/Drivers/VBoxC/] (level 3)
00:00:01.053146   Path <string>  = "VBoxC" (cb=6)
00:00:01.053147 
00:00:01.053147 [/PDM/NetworkShaper/] (level 2)
00:00:01.053148 
00:00:01.053148 [/PDM/NetworkShaper/BwGroups/] (level 3)
00:00:01.053148 
00:00:01.053149 [/TM/] (level 1)
00:00:01.053149   UTCOffset <integer> = 0x0000000000000000 (0)
00:00:01.053149 
00:00:01.053150 ********************* End of CFGM dump **********************
00:00:01.053353 HM: HMR3Init: Attempting fall back to NEM: VT-x is not available
00:00:01.188291 NEM:  info: Found optional import WinHvPlatform.dll!WHvQueryGpaRangeDirtyBitmap.
00:00:01.188302 NEM:  info: Found optional import vid.dll!VidGetHvPartitionId.
00:00:01.188306 NEM:  info: Found optional import vid.dll!VidGetPartitionProperty.
00:00:01.188357 NEM: WHvCapabilityCodeHypervisorPresent is TRUE, so this might work...
00:00:01.188363 NEM: WHvCapabilityCodeExtendedVmExits      = 0x0000000000007fff
00:00:01.188368 NEM:                       fExtendedMsrExit: 1
00:00:01.188371 NEM:                     fExtendedCpuIdExit: 1
00:00:01.188374 NEM:                      fExtendedXcptExit: 1
00:00:01.188377 NEM: Warning! Unknown VM exit definitions: 0x7fff
00:00:01.188380 NEM: Warning! Unknown feature definitions: 0x2ff
00:00:01.188383 NEM: Supported exception exit bitmap: 0xf7dfb
00:00:01.188390 NEM: WHvCapabilityCodeProcessorVendor      = 1 - Intel
00:00:01.188404 NEM: WHvCapabilityCodeProcessorFeatures    = 0x081978cfe7f7859f
00:00:01.188408 NEM:                            Sse3Support: 1
00:00:01.188411 NEM:                        LahfSahfSupport: 1
00:00:01.188414 NEM:                           Ssse3Support: 1
00:00:01.188416 NEM:                          Sse4_1Support: 1
00:00:01.188419 NEM:                          Sse4_2Support: 1
00:00:01.188422 NEM:                           Sse4aSupport: 0
00:00:01.188425 NEM:                             XopSupport: 0
00:00:01.188428 NEM:                          PopCntSupport: 1
00:00:01.188430 NEM:                      Cmpxchg16bSupport: 1
00:00:01.188433 NEM:                       Altmovcr8Support: 0
00:00:01.188436 NEM:                           LzcntSupport: 1
00:00:01.188439 NEM:                     MisAlignSseSupport: 0
00:00:01.188442 NEM:                          MmxExtSupport: 0
00:00:01.188445 NEM:                        Amd3DNowSupport: 0
00:00:01.188447 NEM:                ExtendedAmd3DNowSupport: 0
00:00:01.188450 NEM:                         Page1GbSupport: 1
00:00:01.188453 NEM:                             AesSupport: 1
00:00:01.188456 NEM:                       PclmulqdqSupport: 1
00:00:01.188459 NEM:                            PcidSupport: 1
00:00:01.188461 NEM:                            Fma4Support: 0
00:00:01.188464 NEM:                            F16CSupport: 1
00:00:01.188467 NEM:                          RdRandSupport: 1
00:00:01.188470 NEM:                        RdWrFsGsSupport: 1
00:00:01.188473 NEM:                            SmepSupport: 1
00:00:01.188476 NEM:              EnhancedFastStringSupport: 1
00:00:01.188478 NEM:                            Bmi1Support: 1
00:00:01.188481 NEM:                            Bmi2Support: 1
00:00:01.188484 NEM:                           MovbeSupport: 1
00:00:01.188487 NEM:                          Npiep1Support: 1
00:00:01.188490 NEM:                   DepX87FPUSaveSupport: 1
00:00:01.188492 NEM:                          RdSeedSupport: 1
00:00:01.188497 NEM:                             AdxSupport: 1
00:00:01.188500 NEM:                   IntelPrefetchSupport: 1
00:00:01.188503 NEM:                            SmapSupport: 1
00:00:01.188506 NEM:                             HleSupport: 0
00:00:01.188509 NEM:                             RtmSupport: 0
00:00:01.188512 NEM:                          RdtscpSupport: 1
00:00:01.188514 NEM:                      ClflushoptSupport: 1
00:00:01.188517 NEM:                            ClwbSupport: 0
00:00:01.188520 NEM:                             ShaSupport: 0
00:00:01.188523 NEM:                X87PointersSavedSupport: 0
00:00:01.188526 NEM: Warning! Unknown CPU features: 0x81978cfe7f7859f
00:00:01.188533 NEM: WHvCapabilityCodeProcessorClFlushSize = 2^8
00:00:01.188537 NEM: Warning! Unknown capability 0x4 returning: 3f 00 00 00 00 00 00 00 00 00 00 00 00 00 00 00 00 00 00 00 00 00 00 00
00:00:01.188541 NEM: Warning! Unknown capability 0x5 returning: 03 00 00 00 00 00 00 00 00 00 00 00 00 00 00 00 00 00 00 00 00 00 00 00
00:00:01.188555 NEM: Warning! Unknown capability 0x6 returning: 00 00 00 00 00 00 00 00 00 00 00 00 00 00 00 00 00 00 00 00 00 00 00 00
00:00:01.188930 NEM: Warning! Unknown capability 0x1003 returning: 3f 38 00 00 00 00 00 00 00 00 00 00 00 00 00 00 00 00 00 00 00 00 00 00
00:00:01.188942 NEM: Warning! Unknown capability 0x1004 returning: 27 64 54 89 00 00 00 00 00 00 00 00 00 00 00 00 00 00 00 00 00 00 00 00
00:00:01.188947 NEM: Warning! Unknown capability 0x1005 returning: 00 c2 eb 0b 00 00 00 00 00 00 00 00 00 00 00 00 00 00 00 00 00 00 00 00
00:00:01.188951 NEM: Warning! Unknown capability 0x1006 returning: 02 00 00 00 00 00 00 00 9f 85 f7 e7 cf 78 19 08 41 00 06 00 00 00 00 00
00:00:01.188955 NEM: Warning! Unknown capability 0x1007 returning: 00 00 00 00 00 00 00 00 00 00 00 00 00 00 00 00 00 00 00 00 00 00 00 00
00:00:01.188963 NEM: Warning! Unknown capability 0x1008 returning: 01 00 00 00 00 00 00 00 ff 8f 44 7f 00 00 00 00 00 00 00 00 00 00 00 00
00:00:01.188970 NEM: Warning! Unknown capability 0x1009 returning: 03 00 00 00 00 00 00 00 00 00 00 00 00 00 00 00 00 00 00 00 00 00 00 00
00:00:01.189621 NEM: Created partition 0000025671ea4270.
00:00:01.189629 NEM: Adjusting APIC configuration from X2APIC to APIC max mode.  X2APIC is not supported by the WinHvPlatform API!
00:00:01.189632 NEM: Disable Hyper-V if you need X2APIC for your guests!
00:00:01.189823 NEM:
00:00:01.189823 NEM: NEMR3Init: Snail execution mode is active!
00:00:01.189824 NEM: Note! VirtualBox is not able to run at its full potential in this execution mode.
00:00:01.189824 NEM:       To see VirtualBox run at max speed you need to disable all Windows features
00:00:01.189824 NEM:       making use of Hyper-V.  That is a moving target, so google how and carefully
00:00:01.189824 NEM:       consider the consequences of disabling these features.
00:00:01.189824 NEM:
00:00:01.189846 CPUM: No hardware-virtualization capability detected
00:00:01.189850 CPUM: fXStateHostMask=0x7; initial: 0x7; host XCR0=0x1f
00:00:01.191917 CPUM: Matched host CPU INTEL 0x6/0x8e/0xc Intel_Core7_CoffeeLake with CPU DB entry 'Intel Core i7-6700K' (INTEL 0x6/0x5e/0x3 Intel_Core7_Skylake)
00:00:01.191981 CPUM: MXCSR_MASK=0xffff (host: 0xffff)
00:00:01.191999 CPUM: Microcode revision 0x000000F0
00:00:01.192014 CPUM: MSR/CPUID reconciliation insert: 0x0000010b IA32_FLUSH_CMD
00:00:01.192018 CPUM: MSR/CPUID reconciliation insert: 0x0000010a IA32_ARCH_CAPABILITIES
00:00:01.192023 CPUM: MSR fudge: 0x00000001 IA32_P5_MC_TYPE
00:00:01.192026 CPUM: MSR fudge: 0x00000017 IA32_PLATFORM_ID
00:00:01.192029 CPUM: MSR fudge: 0x0000001b IA32_APIC_BASE
00:00:01.192032 CPUM: MSR fudge: 0x0000008b BIOS_SIGN
00:00:01.192035 CPUM: MSR fudge: 0x000000fe IA32_MTRRCAP
00:00:01.192037 CPUM: MSR fudge: 0x00000179 IA32_MCG_CAP
00:00:01.192040 CPUM: MSR fudge: 0x0000017a IA32_MCG_STATUS
00:00:01.192043 CPUM: MSR fudge: 0x000001a0 IA32_MISC_ENABLE
00:00:01.192045 CPUM: MSR fudge: 0x000001d9 IA32_DEBUGCTL
00:00:01.192048 CPUM: MSR fudge: 0x000001db P6_LAST_BRANCH_FROM_IP
00:00:01.192053 CPUM: MSR fudge: 0x000001dc P6_LAST_BRANCH_TO_IP
00:00:01.192057 CPUM: MSR fudge: 0x000001dd P6_LAST_INT_FROM_IP
00:00:01.192059 CPUM: MSR fudge: 0x000001de P6_LAST_INT_TO_IP
00:00:01.192062 CPUM: MSR fudge: 0x00000277 IA32_PAT
00:00:01.192065 CPUM: MSR fudge: 0x000002ff IA32_MTRR_DEF_TYPE
00:00:01.192067 CPUM: MSR fudge: 0x00000400 IA32_MCi_CTL_STATUS_ADDR_MISC
00:00:01.192071 CPUM: MSR fudge: 0xc0000103 AMD64_TSC_AUX
00:00:01.192074 CPUM: MSR fudge: 0x00000122 IA32_TSX_CTRL
00:00:01.192087 CPUM: SetGuestCpuIdFeature: Enabled SYSENTER/EXIT
00:00:01.192091 CPUM: SetGuestCpuIdFeature: Enabled SYSCALL/RET
00:00:01.192094 CPUM: SetGuestCpuIdFeature: Enabled PAE
00:00:01.192096 CPUM: SetGuestCpuIdFeature: Enabled LAHF/SAHF
00:00:01.192099 CPUM: SetGuestCpuIdFeature: Enabled NX
00:00:01.192102 CPUM: SetGuestCpuIdFeature: Enabled LONG MODE
00:00:01.193696 NEM: HvPartitionPropertyProcessorVendor=0x1 (1)
00:00:01.194179 NEM: Successfully set up partition (device handle 0000000000000d09, partition ID 0x0)
00:00:01.194292 PGM: Host paging mode: AMD64+NX
00:00:01.194309 PGM: PGMPool: cMaxPages=1792 (u64MaxPages=1571)
00:00:01.194313 PGM: pgmR3PoolInit: cMaxPages=0x700 cMaxUsers=0xe00 cMaxPhysExts=0xe00 fCacheEnable=true
00:00:01.282433 TM: GIP - u32Mode=3 (Invariant) u32UpdateHz=93 u32UpdateIntervalNS=10741500 enmUseTscDelta=3 (Roughly Zero) fGetGipCpu=0x1b cCpus=8
00:00:01.282456 TM: GIP - u64CpuHz=2 304 009 223 (0x89546407)  SUPGetCpuHzFromGip => 2 304 009 223
00:00:01.282461 TM: GIP - CPU: iCpuSet=0x0 idCpu=0x0 idApic=0x0 iGipCpu=0x7 i64TSCDelta=0 enmState=3 u64CpuHz=2304009077(*) cErrors=0
00:00:01.282466 TM: GIP - CPU: iCpuSet=0x1 idCpu=0x1 idApic=0x1 iGipCpu=0x5 i64TSCDelta=0 enmState=3 u64CpuHz=2304009025(*) cErrors=0
00:00:01.282469 TM: GIP - CPU: iCpuSet=0x2 idCpu=0x2 idApic=0x2 iGipCpu=0x2 i64TSCDelta=0 enmState=3 u64CpuHz=2304001751(*) cErrors=0
00:00:01.282472 TM: GIP - CPU: iCpuSet=0x3 idCpu=0x3 idApic=0x3 iGipCpu=0x3 i64TSCDelta=0 enmState=3 u64CpuHz=2304008604(*) cErrors=0
00:00:01.282476 TM: GIP - CPU: iCpuSet=0x4 idCpu=0x4 idApic=0x4 iGipCpu=0x0 i64TSCDelta=0 enmState=3 u64CpuHz=2304009223(*) cErrors=0
00:00:01.282479 TM: GIP - CPU: iCpuSet=0x5 idCpu=0x5 idApic=0x5 iGipCpu=0x1 i64TSCDelta=0 enmState=3 u64CpuHz=2303985172(*) cErrors=0
00:00:01.282483 TM: GIP - CPU: iCpuSet=0x6 idCpu=0x6 idApic=0x6 iGipCpu=0x6 i64TSCDelta=0 enmState=3 u64CpuHz=2304009037(*) cErrors=0
00:00:01.282486 TM: GIP - CPU: iCpuSet=0x7 idCpu=0x7 idApic=0x7 iGipCpu=0x4 i64TSCDelta=0 enmState=3 u64CpuHz=2304008681(*) cErrors=0
00:00:01.282496 TM: NEM overrides the /TM/TSCModeSwitchAllowed setting.
00:00:01.282506 TM:     cTSCTicksPerSecond=2 304 009 223 (0x89546407) enmTSCMode=4 (NativeApi)
00:00:01.282509 TM: cTSCTicksPerSecondHost=2 304 009 223 (0x89546407)
00:00:01.282510 TM: TSCTiedToExecution=false TSCNotTiedToHalt=false
00:00:01.283701 EMR3Init: fIemExecutesAll=false fGuruOnTripleFault=true
00:00:01.284644 IEM: TargetCpu=CURRENT, Microarch=Intel_Core7_CoffeeLake aidxTargetCpuEflFlavour={1,0}
00:00:01.285980 GIM: Using provider 'KVM' (Implementation version: 0)
00:00:01.285990 CPUM: SetGuestCpuIdFeature: Enabled Hypervisor Present bit
00:00:01.286019 GCM: Initialized (fixer bits: 0x0)
00:00:01.286085 AIOMgr: Default manager type is 'Async'
00:00:01.286089 AIOMgr: Default file backend is 'NonBuffered'
00:00:01.286133 BlkCache: Cache successfully initialized. Cache size is 5242880 bytes
00:00:01.286138 BlkCache: Cache commit interval is 10000 ms
00:00:01.286141 BlkCache: Cache commit threshold is 2621440 bytes
00:00:02.247601 PcBios: [SMP] BIOS with 4 CPUs
00:00:02.247628 PcBios: Using the 386+ BIOS image.
00:00:02.247687 PcBios: MPS table at 000e1300
00:00:02.248056 PcBios: fCheckShutdownStatusForSoftReset=true  fClearShutdownStatusOnHardReset=true
00:00:02.248238 CPUM: SetGuestCpuIdFeature: Enabled xAPIC
00:00:02.250503 IOAPIC: Version=2.0 ChipType=ICH9
00:00:02.250567 PIT: mode=3 count=0x10000 (65536) - 18.20 Hz (ch=0)
00:00:02.250878 VMMDev: cbDefaultBudget: 701 526 016 (29d07000)
00:00:02.273613 Shared Folders service loaded
00:00:02.293294 Guest Control service loaded
00:00:02.439798 VGA: Using the 386+ BIOS image.
00:00:02.441123 DrvVD: Flushes will be ignored
00:00:02.441135 DrvVD: Async flushes will be passed to the disk
00:00:02.442512 VD: VDInit finished with VINF_SUCCESS
00:00:02.891218 AIOMgr: Endpoint for file 'C:\Users\leand\VirtualBox VMs\M300_LB03_Leandro\generic-ubuntu1804-virtualbox-disk001.vmdk' (flags 000c0723) created successfully
00:00:02.910558 AIOMgr: Async flushes not supported
00:00:02.910601 VD: Opening the disk took 468307873 ns
00:00:02.910696 AHCI: LUN#0: disk, PCHS=16383/16/63, total number of sectors 268435456
00:00:02.910953 AHCI#0: Reset the HBA
00:00:02.910965 VD#0: Cancelling all active requests
00:00:02.911688 PIIX3 ATA: LUN#0: no unit
00:00:02.911700 PIIX3 ATA: LUN#1: no unit
00:00:02.911746 PIIX3 ATA: LUN#2: no unit
00:00:02.911753 PIIX3 ATA: LUN#3: no unit
00:00:02.911805 PIIX3 ATA: Ctl#0: finished processing RESET
00:00:02.911870 PIIX3 ATA: Ctl#1: finished processing RESET
00:00:02.911933 E1000#0: Chip=82540EM LinkUpDelay=5000ms EthernetCRC=on GSO=enabled Itr=disabled ItrRx=enabled TID=disabled R0=disabled RC=disabled
00:00:02.928771 NAT: Guest address guess set to 10.0.2.15 by initialization
00:00:02.928848 NAT: Host Resolver conflicts with DNS proxy, the last one was forcely ignored
00:00:02.953815 NAT: Set redirect TCP 127.0.0.1:2222 -> 0.0.0.0:22
00:00:02.953985 NAT: Set redirect TCP 0.0.0.0:3445 -> 0.0.0.0:80
00:00:02.954071 NAT: Set redirect TCP 0.0.0.0:3446 -> 0.0.0.0:3446
00:00:02.955271 PGM: The CPU physical address width is 39 bits
00:00:02.955285 PGM: PGMR3InitFinalize: 4 MB PSE mask 0000007fffffffff -> VINF_SUCCESS
00:00:02.955294 TM: TMR3InitFinalize: fTSCModeSwitchAllowed=false
00:00:02.955841 VMM: Thread-context hooks unavailable
00:00:02.955851 VMM: RTThreadPreemptIsPending() can be trusted
00:00:02.955854 VMM: Kernel preemption is possible
00:00:02.955964 EM: Exit history optimizations: enabled=true enabled-r0=true enabled-r0-no-preemption=false
00:00:02.956010 PcBios: SATA LUN#0 LCHS=1024/255/63
00:00:02.956023 APIC: fPostedIntrsEnabled=false fVirtApicRegsEnabled=false fSupportsTscDeadline=false
00:00:02.956032 TMR3UtcNow: nsNow=1 688 453 650 360 713 300 nsPrev=0 -> cNsDelta=1 688 453 650 360 713 300 (offLag=0 offVirtualSync=0 offVirtualSyncGivenUp=0, NowAgain=1 688 453 650 360 713 300)
00:00:02.956049 VMM: fUsePeriodicPreemptionTimers=true
00:00:02.956129 CPUM: Logical host processors: 8 present, 8 max, 8 online, online mask: 00000000000000ff
00:00:02.956132 CPUM: Physical host cores: 4
00:00:02.956133 ************************* CPUID dump ************************
00:00:02.956143          Raw Standard CPUID Leaves
00:00:02.956144      Leaf/sub-leaf  eax      ebx      ecx      edx
00:00:02.956146 Gst: 00000000/0000  00000016 756e6547 6c65746e 49656e69
00:00:02.956148 Hst:                00000016 756e6547 6c65746e 49656e69
00:00:02.956151 Gst: 00000001/0000  000806ec 00040800 c2da2203 178bfbff
00:00:02.956153 Hst:                000806ec 06100800 fffaf38f bfebfbff
00:00:02.956155 Gst: 00000002/0000  76036301 00f0b5ff 00000000 00c30000
00:00:02.956157 Hst:                76036301 00f0b5ff 00000000 00c30000
00:00:02.956159 Gst: 00000003/0000  00000000 00000000 00000000 00000000
00:00:02.956161 Hst:                00000000 00000000 00000000 00000000
00:00:02.956163 Gst: 00000004/0000  0c000121 01c0003f 0000003f 00000000
00:00:02.956164 Hst:                1c004121 01c0003f 0000003f 00000000
00:00:02.956167 Gst: 00000004/0001  0c000122 01c0003f 0000003f 00000000
00:00:02.956168 Hst:                1c004122 01c0003f 0000003f 00000000
00:00:02.956170 Gst: 00000004/0002  0c000143 00c0003f 000003ff 00000000
00:00:02.956172 Hst:                1c004143 00c0003f 000003ff 00000000
00:00:02.956174 Gst: 00000004/0003  0c000163 03c0003f 00001fff 00000006
00:00:02.956176 Hst:                1c03c163 03c0003f 00001fff 00000006
00:00:02.956178 Gst: 00000004/0004  0c000000 00000000 00000000 00000000
00:00:02.956179 Hst:                00000000 00000000 00000000 00000000
00:00:02.956181 Gst: 00000005/0000  00000000 00000000 00000000 00000000
00:00:02.956182 Hst:                00000040 00000040 00000003 00042120
00:00:02.956185 Gst: 00000006/0000  00000000 00000000 00000000 00000000
00:00:02.956187 Hst:                000007f3 00000002 00000009 00000000
00:00:02.956189 Gst: 00000007/0000  00000000 00842509 00000000 30000400
00:00:02.956190 Hst:                00000000 009c67ad 00000000 bc000400
00:00:02.956192 Gst: 00000007/0001  00000000 00000000 00000000 00000000
00:00:02.956194 Hst:                00000000 00000000 00000000 00000000
00:00:02.956196 Gst: 00000008/0000  00000000 00000000 00000000 00000000
00:00:02.956197 Hst:                00000000 00000000 00000000 00000000
00:00:02.956198 Gst: 00000009/0000  00000000 00000000 00000000 00000000
00:00:02.956199 Hst:                00000000 00000000 00000000 00000000
00:00:02.956201 Gst: 0000000a/0000  00000000 00000000 00000000 00000000
00:00:02.956202 Hst:                07300404 00000000 00000000 00000603
00:00:02.956204 Gst: 0000000b/0000  00000000 00000001 00000100 00000000
00:00:02.956205 Hst:                00000001 00000002 00000100 00000006
00:00:02.956207 Gst: 0000000b/0001  00000002 00000004 00000201 00000000
00:00:02.956208 Hst:                00000004 00000008 00000201 00000006
00:00:02.956209 Gst: 0000000b/0002  00000000 00000000 00000002 00000000
00:00:02.956210 Hst:                00000000 00000000 00000002 00000006
00:00:02.956212 Gst: 0000000c/0000  00000000 00000000 00000000 00000000
00:00:02.956213 Hst:                00000000 00000000 00000000 00000000
00:00:02.956215 Gst: 0000000d/0000  00000000 00000000 00000000 00000000
00:00:02.956216 Hst:                0000001f 00000440 00000440 00000000
00:00:02.956218 Gst: 0000000d/0001  00000000 00000000 00000000 00000000
00:00:02.956219 Hst:                0000000f 000003c0 00000000 00000000
00:00:02.956221 Gst: 0000000d/0002  00000000 00000000 00000000 00000000
00:00:02.956221 Hst:                00000100 00000240 00000000 00000000
00:00:02.956223 Gst: 0000000d/0003  00000000 00000000 00000000 00000000
00:00:02.956223 Hst:                00000040 000003c0 00000000 00000000
00:00:02.956224 Gst: 0000000d/0004  00000000 00000000 00000000 00000000
00:00:02.956225 Hst:                00000040 00000400 00000000 00000000
00:00:02.956226 Gst: 0000000d/0005  00000000 00000000 00000000 00000000
00:00:02.956227 Hst:                00000000 00000000 00000000 00000000
00:00:02.956290 Gst: 0000000e/0000  00000000 00000000 00000000 00000000
00:00:02.956291 Hst:                00000000 00000000 00000000 00000000
00:00:02.956292 Gst: 0000000f/0000  00000000 00000000 00000000 00000000
00:00:02.956293 Hst:                00000000 00000000 00000000 00000000
00:00:02.956294 Gst: 00000010/0000  00000000 00000000 00000000 00000000
00:00:02.956294 Hst:                00000000 00000000 00000000 00000000
00:00:02.956295 Gst: 00000011/0000  00000000 00000000 00000000 00000000
00:00:02.956296 Hst:                00000000 00000000 00000000 00000000
00:00:02.956297 Gst: 00000012/0000  00000000 00000000 00000000 00000000
00:00:02.956298 Hst:                00000001 00000000 00000000 0000241f
00:00:02.956299 Hst: 00000013/0000  00000000 00000000 00000000 00000000
00:00:02.956301 Hst: 00000014/0000  00000001 0000000f 00000003 00000000
00:00:02.956302 Hst: 00000015/0000  00000002 000000c0 00000000 00000000
00:00:02.956303 Hst: 00000016/0000  00000000 00000000 00000000 00000000
00:00:02.956304                                Name: GenuineIntel
00:00:02.956305                            Supports: 0x00000000-0x00000016
00:00:02.956309                              Family:  6 	Extended: 0 	Effective: 6
00:00:02.956310                               Model: 14 	Extended: 8 	Effective: 142
00:00:02.956312                            Stepping: 12
00:00:02.956312                                Type: 0 (primary)
00:00:02.956313                             APIC ID: 0x00
00:00:02.956314                        Logical CPUs: 4
00:00:02.956315                        CLFLUSH Size: 8
00:00:02.956315                            Brand ID: 0x00
00:00:02.956317 Features
00:00:02.956320   Mnemonic - Description                                  = guest (host)
00:00:02.956320   FPU - x87 FPU on Chip                                   = 1 (1)
00:00:02.956322   VME - Virtual 8086 Mode Enhancements                    = 1 (1)
00:00:02.956323   DE - Debugging extensions                               = 1 (1)
00:00:02.956324   PSE - Page Size Extension                               = 1 (1)
00:00:02.956325   TSC - Time Stamp Counter                                = 1 (1)
00:00:02.956326   MSR - Model Specific Registers                          = 1 (1)
00:00:02.956327   PAE - Physical Address Extension                        = 1 (1)
00:00:02.956327   MCE - Machine Check Exception                           = 1 (1)
00:00:02.956328   CX8 - CMPXCHG8B instruction                             = 1 (1)
00:00:02.956329   APIC - APIC On-Chip                                     = 1 (1)
00:00:02.956330   SEP - SYSENTER and SYSEXIT Present                      = 1 (1)
00:00:02.956331   MTRR - Memory Type Range Registers                      = 1 (1)
00:00:02.956332   PGE - PTE Global Bit                                    = 1 (1)
00:00:02.956333   MCA - Machine Check Architecture                        = 1 (1)
00:00:02.956334   CMOV - Conditional Move instructions                    = 1 (1)
00:00:02.956335   PAT - Page Attribute Table                              = 1 (1)
00:00:02.956336   PSE-36 - 36-bit Page Size Extension                     = 1 (1)
00:00:02.956337   PSN - Processor Serial Number                           = 0 (0)
00:00:02.956338   CLFSH - CLFLUSH instruction                             = 1 (1)
00:00:02.956339   DS - Debug Store                                        = 0 (1)
00:00:02.956340   ACPI - Thermal Mon. & Soft. Clock Ctrl.                 = 0 (1)
00:00:02.956341   MMX - Intel MMX Technology                              = 1 (1)
00:00:02.956342   FXSR - FXSAVE and FXRSTOR instructions                  = 1 (1)
00:00:02.956342   SSE - SSE support                                       = 1 (1)
00:00:02.956343   SSE2 - SSE2 support                                     = 1 (1)
00:00:02.956344   SS - Self Snoop                                         = 0 (1)
00:00:02.956346   HTT - Hyper-Threading Technology                        = 1 (1)
00:00:02.956346   TM - Therm. Monitor                                     = 0 (1)
00:00:02.956347   PBE - Pending Break Enabled                             = 0 (1)
00:00:02.956348   SSE3 - SSE3 support                                     = 1 (1)
00:00:02.956349   PCLMUL - PCLMULQDQ support (for AES-GCM)                = 1 (1)
00:00:02.956350   DTES64 - DS Area 64-bit Layout                          = 0 (1)
00:00:02.956351   MONITOR - MONITOR/MWAIT instructions                    = 0 (1)
00:00:02.956352   CPL-DS - CPL Qualified Debug Store                      = 0 (0)
00:00:02.956353   VMX - Virtual Machine Extensions                        = 0 (0)
00:00:02.956354   SMX - Safer Mode Extensions                             = 0 (0)
00:00:02.956356   EST - Enhanced SpeedStep Technology                     = 0 (1)
00:00:02.956357   TM2 - Terminal Monitor 2                                = 0 (1)
00:00:02.956358   SSSE3 - Supplemental Streaming SIMD Extensions 3        = 1 (1)
00:00:02.956359   CNTX-ID - L1 Context ID                                 = 0 (0)
00:00:02.956360   SDBG - Silicon Debug interface                          = 0 (0)
00:00:02.956361   FMA - Fused Multiply Add extensions                     = 0 (1)
00:00:02.956362   CX16 - CMPXCHG16B instruction                           = 1 (1)
00:00:02.956363   TPRUPDATE - xTPR Update Control                         = 0 (1)
00:00:02.956364   PDCM - Perf/Debug Capability MSR                        = 0 (1)
00:00:02.956365   PCID - Process Context Identifiers                      = 1 (1)
00:00:02.956366   DCA - Direct Cache Access                               = 0 (0)
00:00:02.956366   SSE4_1 - SSE4_1 support                                 = 1 (1)
00:00:02.956367   SSE4_2 - SSE4_2 support                                 = 1 (1)
00:00:02.956368   X2APIC - x2APIC support                                 = 0 (1)
00:00:02.956369   MOVBE - MOVBE instruction                               = 1 (1)
00:00:02.956370   POPCNT - POPCNT instruction                             = 1 (1)
00:00:02.956371   TSCDEADL - Time Stamp Counter Deadline                  = 0 (1)
00:00:02.956372   AES - AES instructions                                  = 1 (1)
00:00:02.956373   XSAVE - XSAVE instruction                               = 0 (1)
00:00:02.956374   OSXSAVE - OSXSAVE instruction                           = 0 (1)
00:00:02.956375   AVX - AVX support                                       = 0 (1)
00:00:02.956376   F16C - 16-bit floating point conversion instructions    = 0 (1)
00:00:02.956377   RDRAND - RDRAND instruction                             = 1 (1)
00:00:02.956378   HVP - Hypervisor Present (we're a guest)                = 1 (1)
00:00:02.956378 Structured Extended Feature Flags Enumeration (leaf 7):
00:00:02.956380   Mnemonic - Description                                  = guest (host)
00:00:02.956380   FSGSBASE - RDFSBASE/RDGSBASE/WRFSBASE/WRGSBASE instr.   = 1 (1)
00:00:02.956381   TSCADJUST - Supports MSR_IA32_TSC_ADJUST                = 0 (0)
00:00:02.956382   SGX - Supports Software Guard Extensions                = 0 (1)
00:00:02.956382   BMI1 - Advanced Bit Manipulation extension 1            = 1 (1)
00:00:02.956383   HLE - Hardware Lock Elision                             = 0 (0)
00:00:02.956384   AVX2 - Advanced Vector Extensions 2                     = 0 (1)
00:00:02.956385   FDP_EXCPTN_ONLY - FPU DP only updated on exceptions     = 0 (0)
00:00:02.956386   SMEP - Supervisor Mode Execution Prevention             = 0 (1)
00:00:02.956386   BMI2 - Advanced Bit Manipulation extension 2            = 1 (1)
00:00:02.956387   ERMS - Enhanced REP MOVSB/STOSB instructions            = 0 (1)
00:00:02.956388   INVPCID - INVPCID instruction                           = 1 (1)
00:00:02.956389   RTM - Restricted Transactional Memory                   = 0 (0)
00:00:02.956390   PQM - Platform Quality of Service Monitoring            = 0 (0)
00:00:02.956390   DEPFPU_CS_DS - Deprecates FPU CS, FPU DS values if set  = 1 (1)
00:00:02.956391   MPE - Intel Memory Protection Extensions                = 0 (1)
00:00:02.956392   PQE - Platform Quality of Service Enforcement           = 0 (0)
00:00:02.956392   AVX512F - AVX512 Foundation instructions                = 0 (0)
00:00:02.956393   RDSEED - RDSEED instruction                             = 1 (1)
00:00:02.956394   ADX - ADCX/ADOX instructions                            = 0 (1)
00:00:02.956395   SMAP - Supervisor Mode Access Prevention                = 0 (1)
00:00:02.956396   CLFLUSHOPT - CLFLUSHOPT (Cache Line Flush) instruction  = 1 (1)
00:00:02.956397   INTEL_PT - Intel Processor Trace                        = 0 (0)
00:00:02.956397   AVX512PF - AVX512 Prefetch instructions                 = 0 (0)
00:00:02.956398   AVX512ER - AVX512 Exponential & Reciprocal instructions = 0 (0)
00:00:02.956399   AVX512CD - AVX512 Conflict Detection instructions       = 0 (0)
00:00:02.956400   SHA - Secure Hash Algorithm extensions                  = 0 (0)
00:00:02.956400   PREFETCHWT1 - PREFETCHWT1 instruction                   = 0 (0)
00:00:02.956401   UMIP - User mode insturction prevention                 = 0 (0)
00:00:02.956402   PKU - Protection Key for Usermode pages                 = 0 (0)
00:00:02.956403   OSPKE - CR4.PKU mirror                                  = 0 (0)
00:00:02.956404   MAWAU - Value used by BNDLDX & BNDSTX                   = 0x0 (0x0)
00:00:02.956405   RDPID - Read processor ID support                       = 0 (0)
00:00:02.956406   SGX_LC - Supports SGX Launch Configuration              = 0 (0)
00:00:02.956407   MD_CLEAR - Supports MDS related buffer clearing         = 1 (1)
00:00:02.956408   IBRS_IBPB - IA32_SPEC_CTRL.IBRS and IA32_PRED_CMD.IBPB  = 0 (1)
00:00:02.956408   STIBP - Supports IA32_SPEC_CTRL.STIBP                   = 0 (1)
00:00:02.956409   FLUSH_CMD - Supports IA32_FLUSH_CMD                     = 1 (1)
00:00:02.956410   ARCHCAP - Supports IA32_ARCH_CAP                        = 1 (1)
00:00:02.956411   CORECAP - Supports IA32_CORE_CAP                        = 0 (0)
00:00:02.956412   SSBD - Supports IA32_SPEC_CTRL.SSBD                     = 0 (1)
00:00:02.956413 Processor Extended State Enumeration (leaf 0xd):
00:00:02.956415    XSAVE area cur/max size by XCR0, guest: 0x0/0x0
00:00:02.956415     XSAVE area cur/max size by XCR0, host: 0x440/0x440
00:00:02.956416                    Valid XCR0 bits, guest: 0x00000000`00000000
00:00:02.956417                     Valid XCR0 bits, host: 0x00000000`0000001f ( x87 SSE YMM_Hi128 BNDREGS BNDCSR )
00:00:02.956422                     XSAVE features, guest:
00:00:02.956423                      XSAVE features, host: XSAVEOPT XSAVEC XGETBC1 XSAVES
00:00:02.956424       XSAVE area cur size XCR0|XSS, guest: 0x0
00:00:02.956425        XSAVE area cur size XCR0|XSS, host: 0x3c0
00:00:02.956425                Valid IA32_XSS bits, guest: 0x00000000`00000000
00:00:02.956426                 Valid IA32_XSS bits, host: 0x00000000`00000000
00:00:02.956427   State #2, host:  off=0x0240, cb=0x0100 IA32_XSS-bit -- YMM_Hi128
00:00:02.956430   State #3, host:  off=0x03c0, cb=0x0040 IA32_XSS-bit -- BNDREGS
00:00:02.956431   State #4, host:  off=0x0400, cb=0x0040 IA32_XSS-bit -- BNDCSR
00:00:02.956463          Unknown CPUID Leaves
00:00:02.956463      Leaf/sub-leaf  eax      ebx      ecx      edx
00:00:02.956467 Gst: 00000012/0001  00000000 00000000 00000000 00000000
00:00:02.956468 Hst:                00000036 00000000 0000001f 00000000
00:00:02.956470 Gst: 00000012/0002  00000000 00000000 00000000 00000000
00:00:02.956470 Hst:                50200001 00000000 05d80001 00000000
00:00:02.956472 Gst: 00000012/0003  00000000 00000000 00000000 00000000
00:00:02.956473 Hst:                00000000 00000000 00000000 00000000
00:00:02.956474 Gst: 00000013/0000  00000000 00000000 00000000 00000000
00:00:02.956475 Hst:                00000000 00000000 00000000 00000000
00:00:02.956476 Gst: 00000014/0000  00000000 00000000 00000000 00000000
00:00:02.956476 Hst:                00000001 0000000f 00000003 00000000
00:00:02.956477 Gst: 00000014/0001  00000000 00000000 00000000 00000000
00:00:02.956478 Hst:                02490002 003f3fff 00000000 00000000
00:00:02.956479 Gst: 00000014/0002  00000000 00000000 00000000 00000000
00:00:02.956480 Hst:                00000000 00000000 00000000 00000000
00:00:02.956481 Gst: 00000015/0000  00000000 00000000 00000000 00000000
00:00:02.956482 Hst:                00000002 000000c0 00000000 00000000
00:00:02.956483 Gst: 00000016/0000  00000000 00000000 00000000 00000000
00:00:02.956483 Hst:                00000000 00000000 00000000 00000000
00:00:02.956485          Raw Hypervisor CPUID Leaves
00:00:02.956485      Leaf/sub-leaf  eax      ebx      ecx      edx
00:00:02.956486 Gst: 40000000/0000  40000001 4b4d564b 564b4d56 0000004d
00:00:02.956487 Hst:                4000000c 7263694d 666f736f 76482074
00:00:02.956489 Gst: 40000001/0000  01000089 00000000 00000000 00000000
00:00:02.956489 Hst:                31237648 00000000 00000000 00000000
00:00:02.956493          Raw Extended CPUID Leaves
00:00:02.956493      Leaf/sub-leaf  eax      ebx      ecx      edx
00:00:02.956494 Gst: 80000000/0000  80000008 00000000 00000000 00000000
00:00:02.956495 Hst:                80000008 00000000 00000000 00000000
00:00:02.956496 Gst: 80000001/0000  00000000 00000000 00000121 28100800
00:00:02.956497 Hst:                00000000 00000000 00000121 2c100800
00:00:02.956498 Gst: 80000002/0000  65746e49 2952286c 726f4320 4d542865
00:00:02.956499 Hst:                65746e49 2952286c 726f4320 4d542865
00:00:02.956500 Gst: 80000003/0000  37692029 3530312d 20553031 20555043
00:00:02.956501 Hst:                37692029 3530312d 20553031 20555043
00:00:02.956503 Gst: 80000004/0000  2e312040 48473038 0000007a 00000000
00:00:02.956503 Hst:                2e312040 48473038 0000007a 00000000
00:00:02.956505 Gst: 80000005/0000  00000000 00000000 00000000 00000000
00:00:02.956505 Hst:                00000000 00000000 00000000 00000000
00:00:02.956506 Gst: 80000006/0000  00000000 00000000 01006040 00000000
00:00:02.956507 Hst:                00000000 00000000 01006040 00000000
00:00:02.956508 Gst: 80000007/0000  00000000 00000000 00000000 00000100
00:00:02.956509 Hst:                00000000 00000000 00000000 00000100
00:00:02.956510 Gst: 80000008/0000  00003027 00000000 00000000 00000000
00:00:02.956511 Hst:                00003027 00000000 00000000 00000000
00:00:02.956512 Ext Name:                        
00:00:02.956512 Ext Supports:                    0x80000000-0x80000008
00:00:02.956513 Family:                          0  	Extended: 0 	Effective: 0
00:00:02.956514 Model:                           0  	Extended: 0 	Effective: 0
00:00:02.956514 Stepping:                        0
00:00:02.956514 Brand ID:                        0x000
00:00:02.956515 Ext Features
00:00:02.956516   Mnemonic - Description                                  = guest (host)
00:00:02.956516   FPU - x87 FPU on Chip                                   = 0 (0)
00:00:02.956517   VME - Virtual 8086 Mode Enhancements                    = 0 (0)
00:00:02.956518   DE - Debugging extensions                               = 0 (0)
00:00:02.956519   PSE - Page Size Extension                               = 0 (0)
00:00:02.956520   TSC - Time Stamp Counter                                = 0 (0)
00:00:02.956521   MSR - K86 Model Specific Registers                      = 0 (0)
00:00:02.956522   PAE - Physical Address Extension                        = 0 (0)
00:00:02.956523   MCE - Machine Check Exception                           = 0 (0)
00:00:02.956524   CX8 - CMPXCHG8B instruction                             = 0 (0)
00:00:02.956525   APIC - APIC On-Chip                                     = 0 (0)
00:00:02.956526   SEP - SYSCALL/SYSRET                                    = 1 (1)
00:00:02.956527   MTRR - Memory Type Range Registers                      = 0 (0)
00:00:02.956528   PGE - PTE Global Bit                                    = 0 (0)
00:00:02.956529   MCA - Machine Check Architecture                        = 0 (0)
00:00:02.956530   CMOV - Conditional Move instructions                    = 0 (0)
00:00:02.956530   PAT - Page Attribute Table                              = 0 (0)
00:00:02.956531   PSE-36 - 36-bit Page Size Extension                     = 0 (0)
00:00:02.956532   NX - No-Execute/Execute-Disable                         = 1 (1)
00:00:02.956533   AXMMX - AMD Extensions to MMX instructions              = 0 (0)
00:00:02.956534   MMX - Intel MMX Technology                              = 0 (0)
00:00:02.956535   FXSR - FXSAVE and FXRSTOR Instructions                  = 0 (0)
00:00:02.956536   FFXSR - AMD fast FXSAVE and FXRSTOR instructions        = 0 (0)
00:00:02.956536   Page1GB - 1 GB large page                               = 0 (1)
00:00:02.956537   RDTSCP - RDTSCP instruction                             = 1 (1)
00:00:02.956538   LM - AMD64 Long Mode                                    = 1 (1)
00:00:02.956539   3DNOWEXT - AMD Extensions to 3DNow                      = 0 (0)
00:00:02.956540   3DNOW - AMD 3DNow                                       = 0 (0)
00:00:02.956541   LahfSahf - LAHF/SAHF support in 64-bit mode             = 1 (1)
00:00:02.956542   CmpLegacy - Core multi-processing legacy mode           = 0 (0)
00:00:02.956543   SVM - AMD Secure Virtual Machine extensions             = 0 (0)
00:00:02.956544   EXTAPIC - AMD Extended APIC registers                   = 0 (0)
00:00:02.956545   CR8L - AMD LOCK MOV CR0 means MOV CR8                   = 0 (0)
00:00:02.956545   ABM - AMD Advanced Bit Manipulation                     = 1 (1)
00:00:02.956546   SSE4A - SSE4A instructions                              = 0 (0)
00:00:02.956547   MISALIGNSSE - AMD Misaligned SSE mode                   = 0 (0)
00:00:02.956548   3DNOWPRF - AMD PREFETCH and PREFETCHW instructions      = 1 (1)
00:00:02.956549   OSVW - AMD OS Visible Workaround                        = 0 (0)
00:00:02.956550   IBS - Instruct Based Sampling                           = 0 (0)
00:00:02.956551   XOP - Extended Operation support                        = 0 (0)
00:00:02.956551   SKINIT - SKINIT, STGI, and DEV support                  = 0 (0)
00:00:02.956552   WDT - AMD Watchdog Timer support                        = 0 (0)
00:00:02.956553   LWP - Lightweight Profiling support                     = 0 (0)
00:00:02.956554   FMA4 - Four operand FMA instruction support             = 0 (0)
00:00:02.956555   NodeId - NodeId in MSR C001_100C                        = 0 (0)
00:00:02.956556   TBM - Trailing Bit Manipulation instructions            = 0 (0)
00:00:02.956556   TOPOEXT - Topology Extensions                           = 0 (0)
00:00:02.956557   PRFEXTCORE - Performance Counter Extensions support     = 0 (0)
00:00:02.956558   PRFEXTNB - NB Performance Counter Extensions support    = 0 (0)
00:00:02.956559   DATABPEXT - Data-access Breakpoint Extension            = 0 (0)
00:00:02.956559   PERFTSC - Performance Time Stamp Counter                = 0 (0)
00:00:02.956560   PCX_L2I - L2I/L3 Performance Counter Extensions         = 0 (0)
00:00:02.956561   MWAITX - MWAITX and MONITORX instructions               = 0 (0)
00:00:02.956562 Full Name:                       "Intel(R) Core(TM) i7-10510U CPU @ 1.80GHz"
00:00:02.956563 TLB 2/4M Instr/Uni:              res0     0 entries
00:00:02.956563 TLB 2/4M Data:                   res0     0 entries
00:00:02.956564 TLB 4K Instr/Uni:                res0     0 entries
00:00:02.956564 TLB 4K Data:                     res0     0 entries
00:00:02.956565 L1 Instr Cache Line Size:        0 bytes
00:00:02.956565 L1 Instr Cache Lines Per Tag:    0
00:00:02.956565 L1 Instr Cache Associativity:    res0  
00:00:02.956566 L1 Instr Cache Size:             0 KB
00:00:02.956566 L1 Data Cache Line Size:         0 bytes
00:00:02.956566 L1 Data Cache Lines Per Tag:     0
00:00:02.956567 L1 Data Cache Associativity:     res0  
00:00:02.956567 L1 Data Cache Size:              0 KB
00:00:02.956567 L2 TLB 2/4M Instr/Uni:           off       0 entries
00:00:02.956568 L2 TLB 2/4M Data:                off       0 entries
00:00:02.956568 L2 TLB 4K Instr/Uni:             off       0 entries
00:00:02.956569 L2 TLB 4K Data:                  off       0 entries
00:00:02.956569 L2 Cache Line Size:              0 bytes
00:00:02.956569 L2 Cache Lines Per Tag:          0
00:00:02.956570 L2 Cache Associativity:          off   
00:00:02.956570 L2 Cache Size:                   0 KB
00:00:02.956572   TS - Temperature Sensor                                 = 0 (0)
00:00:02.956573   FID - Frequency ID control                              = 0 (0)
00:00:02.956574   VID - Voltage ID control                                = 0 (0)
00:00:02.956575   TscInvariant - Invariant Time Stamp Counter             = 1 (1)
00:00:02.956576   CBP - Core Performance Boost                            = 0 (0)
00:00:02.956577   EffFreqRO - Read-only Effective Frequency Interface     = 0 (0)
00:00:02.956577   ProcFdbkIf - Processor Feedback Interface               = 0 (0)
00:00:02.956578   ProcPwrRep - Core power reporting interface support     = 0 (0)
00:00:02.956580 Physical Address Width:          39 bits
00:00:02.956580 Virtual Address Width:           48 bits
00:00:02.956580 Guest Physical Address Width:    0 bits
00:00:02.956581 Physical Core Count:             1
00:00:02.956582 
00:00:02.956582 ******************** End of CPUID dump **********************
00:00:02.956678 VMEmt: Halt method global1 (5)
00:00:02.956822 VMEmt: HaltedGlobal1 config: cNsSpinBlockThresholdCfg=50000
00:00:02.956909 Changing the VM state from 'CREATING' to 'CREATED'
00:00:02.958008 SharedFolders host service: Adding host mapping
00:00:02.958026     Host path '\\?\C:\Users\leand\Desktop\Modul-to-Upload\Modul 300\LB03', map name 'vagrant', writable, automount=false, automntpnt=, create_symlinks=true, missing=false
00:00:02.958739 Changing the VM state from 'CREATED' to 'POWERING_ON'
00:00:02.958865 AIOMgr: Endpoints without assigned bandwidth groups:
00:00:02.958876 AIOMgr:     C:\Users\leand\VirtualBox VMs\M300_LB03_Leandro\generic-ubuntu1804-virtualbox-disk001.vmdk
00:00:02.959379 Changing the VM state from 'POWERING_ON' to 'RUNNING'
00:00:02.959407 Console: Machine state changed to 'Running'
00:00:02.963866 VMMDev: Guest Log: BIOS: VirtualBox 7.0.8
00:00:02.964327 PCI: Setting up resources and interrupts
00:00:02.972316 PIT: mode=2 count=0x10000 (65536) - 18.20 Hz (ch=0)
00:00:02.985966 ERROR [COM]: aRC=VBOX_E_VM_ERROR (0x80bb0003) aIID={4680b2de-8690-11e9-b83d-5719e53cf1de} aComponent={DisplayWrap} aText={Could not take a screenshot (VERR_NOT_SUPPORTED)}, preserve=false aResultDetail=-37
00:00:03.010242 ERROR [COM]: aRC=VBOX_E_VM_ERROR (0x80bb0003) aIID={4680b2de-8690-11e9-b83d-5719e53cf1de} aComponent={DisplayWrap} aText={Could not take a screenshot (VERR_NOT_SUPPORTED)}, preserve=false aResultDetail=-37
00:00:03.014529 Display::i_handleDisplayResize: uScreenId=0 pvVRAM=0000000000000000 w=720 h=400 bpp=0 cbLine=0x0 flags=0x0 origin=0,0
00:00:03.028368 VMMDev: Guest Log: CPUID EDX: 0x178bfbff
00:00:03.030036 AHCI#0: Reset the HBA
00:00:03.030056 VD#0: Cancelling all active requests
00:00:03.030213 AHCI#0: Port 0 reset
00:00:03.030260 VD#0: Cancelling all active requests
00:00:03.032761 VMMDev: Guest Log: BIOS: AHCI 0-P#0: PCHS=16383/16/63 LCHS=1024/255/63 0x0000000010000000 sectors
00:00:03.137368 PIT: mode=2 count=0x48d3 (18643) - 64.00 Hz (ch=0)
00:00:03.161659 VBoxHeadless: starting event loop
00:00:03.167066 Display::i_handleDisplayResize: uScreenId=0 pvVRAM=00000256006b0000 w=640 h=480 bpp=32 cbLine=0xA00 flags=0x0 origin=0,0
00:00:03.670784 NAT: Old socket recv size: 64KB
00:00:03.670811 NAT: Old socket send size: 64KB
00:00:05.634628 Display::i_handleDisplayResize: uScreenId=0 pvVRAM=0000000000000000 w=720 h=400 bpp=0 cbLine=0x0 flags=0x0 origin=0,0
00:00:05.665922 PIT: mode=2 count=0x10000 (65536) - 18.20 Hz (ch=0)
00:00:05.666574 VMMDev: Guest Log: BIOS: Boot : bseqnr=1, bootseq=0032
00:00:05.669023 VMMDev: Guest Log: BIOS: Booting from Hard Disk...
00:00:06.703615 Display::i_handleDisplayResize: uScreenId=0 pvVRAM=00000256006b0000 w=640 h=480 bpp=32 cbLine=0xA00 flags=0x0 origin=0,0
00:00:09.617182 Display::i_handleDisplayResize: uScreenId=0 pvVRAM=00000256006b0000 w=640 h=480 bpp=0 cbLine=0x280 flags=0x0 origin=0,0
00:00:09.649043 Display::i_handleDisplayResize: uScreenId=0 pvVRAM=0000000000000000 w=720 h=400 bpp=0 cbLine=0x0 flags=0x0 origin=0,0
00:00:10.254683 GIM: KVM: VCPU  0: Enabled system-time struct. at 0x00000000bff44000 - u32TscScale=0xde38a943 i8TscShift=-1 uVersion=2 fFlags=0x1 uTsc=0x3e9d001e2 uVirtNanoTS=0x1b2d00ebf TscKHz=2304008
00:00:10.254714 TM: Host/VM is not suitable for using TSC mode 'RealTSCOffset', request to change TSC mode ignored
00:00:10.413412 GIM: KVM: Enabled wall-clock struct. at 0x00000000bffc4000 - u32Sec=1688453657 u32Nano=818459300 uVersion=2
00:00:10.480901 PIT: mode=2 count=0x12a5 (4773) - 249.98 Hz (ch=0)
00:00:10.636119 PIT: mode=0 count=0x10000 (65536) - 18.20 Hz (ch=0)
00:00:10.643417 GIM: KVM: VCPU  1: Enabled system-time struct. at 0x00000000bff44040 - u32TscScale=0xde38a943 i8TscShift=-1 uVersion=2 fFlags=0x1 uTsc=0x41f33552c uVirtNanoTS=0x1c9fc085f TscKHz=2304008
00:00:10.643439 TM: Host/VM is not suitable for using TSC mode 'RealTSCOffset', request to change TSC mode ignored
00:00:10.651791 GIM: KVM: VCPU  2: Enabled system-time struct. at 0x00000000bff44080 - u32TscScale=0xde38a943 i8TscShift=-1 uVersion=2 fFlags=0x1 uTsc=0x42059dc30 uVirtNanoTS=0x1ca7bdd82 TscKHz=2304008
00:00:10.651820 TM: Host/VM is not suitable for using TSC mode 'RealTSCOffset', request to change TSC mode ignored
00:00:10.661429 GIM: KVM: VCPU  3: Enabled system-time struct. at 0x00000000bff440c0 - u32TscScale=0xde38a943 i8TscShift=-1 uVersion=2 fFlags=0x1 uTsc=0x421acdf5e uVirtNanoTS=0x1cb0f0167 TscKHz=2304008
00:00:10.661451 TM: Host/VM is not suitable for using TSC mode 'RealTSCOffset', request to change TSC mode ignored
00:00:12.838975 MsrExit/3: 0010:ffffffffba06df4a/LM: RDMSR c0011029 -> 00000000 / VERR_CPUM_RAISE_GP_0
00:00:14.741738 AHCI#0: Reset the HBA
00:00:14.741768 VD#0: Cancelling all active requests
00:00:14.746858 AHCI#0: Port 0 reset
00:00:14.748642 VD#0: Cancelling all active requests
00:00:16.727663 NAT: Link up
00:00:25.573263 VMMDev: Guest Additions information report: Version 5.2.8 r120774 '5.2.8_KernelUbuntu'
00:00:25.573339 VMMDev: Guest Additions information report: Interface = 0x00010004 osType = 0x00053100 (Linux >= 2.6, 64-bit)
00:00:25.573541 VMMDev: Guest Additions capability report: (0x0 -> 0x0) seamless: no, hostWindowMapping: no, graphics: no
00:00:25.573724 VMMDev: vmmDevReqHandler_HeartbeatConfigure: No change (fHeartbeatActive=false)
00:00:25.573767 VMMDev: Heartbeat flatline timer set to trigger after 4 000 000 000 ns
00:00:25.573852 VMMDev: Guest Log: vgdrvHeartbeatInit: Setting up heartbeat to trigger every 2000 milliseconds
00:00:25.582629 VMMDev: Guest Log: vboxguest: misc device minor 57, IRQ 20, I/O port d020, MMIO at 00000000f0400000 (size 0x400000)
00:00:26.522281 Display::i_handleDisplayResize: uScreenId=0 pvVRAM=00000256006b0000 w=800 h=600 bpp=32 cbLine=0xC80 flags=0x1 origin=0,0
00:00:28.399893 NAT: IPv6 not supported
00:00:28.441539 NAT: DHCP offered IP address 10.0.2.15
00:00:28.442235 NAT: DHCP offered IP address 10.0.2.15
00:00:30.350267 VMMDev: Guest Log: VBoxService 5.2.42_Ubuntu r137960 (verbosity: 0) linux.amd64 (Jun  5 2020 08:26:08) release log
00:00:30.350291 VMMDev: Guest Log: 00:00:00.000374 main     Log opened 2023-07-04T06:54:35.951644000Z
00:00:30.350526 VMMDev: Guest Log: 00:00:00.000666 main     OS Product: Linux
00:00:30.350633 VMMDev: Guest Log: 00:00:00.000772 main     OS Release: 4.15.0-208-generic
00:00:30.350737 VMMDev: Guest Log: 00:00:00.000877 main     OS Version: #220-Ubuntu SMP Mon Mar 20 14:27:01 UTC 2023
00:00:30.350844 VMMDev: Guest Log: 00:00:00.000980 main     Executable: /usr/sbin/VBoxService
00:00:30.350859 VMMDev: Guest Log: 00:00:00.000982 main     Process ID: 1281
00:00:30.350867 VMMDev: Guest Log: 00:00:00.000983 main     Package type: LINUX_64BITS_GENERIC (OSE)
00:00:30.353321 VMMDev: Guest Log: 00:00:00.003460 main     5.2.42_Ubuntu r137960 started. Verbose level = 0
00:00:30.371610 Guest Control: GUEST_MSG_REPORT_FEATURES: 0x1, 0x8000000000000000
01:25:46.332277 Pausing VM execution, reason 'HostSuspend'
01:25:46.332478 Changing the VM state from 'RUNNING' to 'SUSPENDING'
01:25:46.348308 AIOMgr: Endpoint for file 'C:\Users\leand\VirtualBox VMs\M300_LB03_Leandro\generic-ubuntu1804-virtualbox-disk001.vmdk' (flags 000c0781) created successfully
01:25:46.369501 PDMR3Suspend: 36 978 085 ns run time
01:25:46.369519 Changing the VM state from 'SUSPENDING' to 'SUSPENDED'
01:25:46.369528 Console: Machine state changed to 'Paused'
01:53:36.932091 Resuming VM execution, reason 'HostResume'
01:53:37.031233 Changing the VM state from 'SUSPENDED' to 'RESUMING'
01:53:37.034443 AIOMgr: Endpoint for file 'C:\Users\leand\VirtualBox VMs\M300_LB03_Leandro\generic-ubuntu1804-virtualbox-disk001.vmdk' (flags 000c0723) created successfully
01:53:37.057511 AIOMgr: Async flushes not supported
01:53:37.057668 Changing the VM state from 'RESUMING' to 'RUNNING'
01:53:37.057689 Console: Machine state changed to 'Running'
